<?xml version="1.0" encoding="UTF-8"?>
<testsuite name="org.gameplanner.GameBuilderDirectorTest" tests="1" skipped="0" failures="0" errors="0" timestamp="2023-01-30T18:56:26" hostname="lonewanderer" time="0.024">
  <properties/>
  <testcase name="buildGameWorksCorrectly()" classname="org.gameplanner.GameBuilderDirectorTest" time="0.024"/>
  <system-out><![CDATA[]]></system-out>
  <system-err><![CDATA[]]></system-err>
</testsuite>
